Performing C++ SOURCE FILE Test CMAKE_HAVE_LIBC_PTHREAD failed with the following output:
Change Dir: /app/Pointpillar_tensorrt/build/CMakeFiles/CMakeTmp

Run Build Command(s):/usr/bin/make -f Makefile cmTC_eacfa/fast && /usr/bin/make  -f CMakeFiles/cmTC_eacfa.dir/build.make CMakeFiles/cmTC_eacfa.dir/build
make[1]: Entering directory '/app/Pointpillar_tensorrt/build/CMakeFiles/CMakeTmp'
Building CXX object CMakeFiles/cmTC_eacfa.dir/src.cxx.o
/usr/bin/c++ -DCMAKE_HAVE_LIBC_PTHREAD   -o CMakeFiles/cmTC_eacfa.dir/src.cxx.o -c /app/Pointpillar_tensorrt/build/CMakeFiles/CMakeTmp/src.cxx
Linking CXX executable cmTC_eacfa
/opt/conda/bin/cmake -E cmake_link_script CMakeFiles/cmTC_eacfa.dir/link.txt --verbose=1
/usr/bin/c++ CMakeFiles/cmTC_eacfa.dir/src.cxx.o -o cmTC_eacfa 
/usr/bin/ld: CMakeFiles/cmTC_eacfa.dir/src.cxx.o: in function `main':
src.cxx:(.text+0x46): undefined reference to `pthread_create'
/usr/bin/ld: src.cxx:(.text+0x52): undefined reference to `pthread_detach'
/usr/bin/ld: src.cxx:(.text+0x5e): undefined reference to `pthread_cancel'
/usr/bin/ld: src.cxx:(.text+0x6f): undefined reference to `pthread_join'
collect2: error: ld returned 1 exit status
make[1]: *** [CMakeFiles/cmTC_eacfa.dir/build.make:99: cmTC_eacfa] Error 1
make[1]: Leaving directory '/app/Pointpillar_tensorrt/build/CMakeFiles/CMakeTmp'
make: *** [Makefile:127: cmTC_eacfa/fast] Error 2


Source file was:
#include <pthread.h>

static void* test_func(void* data)
{
  return data;
}

int main(void)
{
  pthread_t thread;
  pthread_create(&thread, NULL, test_func, NULL);
  pthread_detach(thread);
  pthread_cancel(thread);
  pthread_join(thread, NULL);
  pthread_atfork(NULL, NULL, NULL);
  pthread_exit(NULL);

  return 0;
}

Determining if the function pthread_create exists in the pthreads failed with the following output:
Change Dir: /app/Pointpillar_tensorrt/build/CMakeFiles/CMakeTmp

Run Build Command(s):/usr/bin/make -f Makefile cmTC_0a7e6/fast && /usr/bin/make  -f CMakeFiles/cmTC_0a7e6.dir/build.make CMakeFiles/cmTC_0a7e6.dir/build
make[1]: Entering directory '/app/Pointpillar_tensorrt/build/CMakeFiles/CMakeTmp'
Building CXX object CMakeFiles/cmTC_0a7e6.dir/CheckFunctionExists.cxx.o
/usr/bin/c++   -DCHECK_FUNCTION_EXISTS=pthread_create -o CMakeFiles/cmTC_0a7e6.dir/CheckFunctionExists.cxx.o -c /app/Pointpillar_tensorrt/build/CMakeFiles/CheckLibraryExists/CheckFunctionExists.cxx
Linking CXX executable cmTC_0a7e6
/opt/conda/bin/cmake -E cmake_link_script CMakeFiles/cmTC_0a7e6.dir/link.txt --verbose=1
/usr/bin/c++  -DCHECK_FUNCTION_EXISTS=pthread_create CMakeFiles/cmTC_0a7e6.dir/CheckFunctionExists.cxx.o -o cmTC_0a7e6  -lpthreads 
/usr/bin/ld: cannot find -lpthreads
collect2: error: ld returned 1 exit status
make[1]: *** [CMakeFiles/cmTC_0a7e6.dir/build.make:99: cmTC_0a7e6] Error 1
make[1]: Leaving directory '/app/Pointpillar_tensorrt/build/CMakeFiles/CMakeTmp'
make: *** [Makefile:127: cmTC_0a7e6/fast] Error 2



